2019-05-22 19:21:12,127 - matplotlib.axes._base - DEBUG - update_title_pos
2019-05-22 19:21:12,184 - matplotlib.axes._base - DEBUG - update_title_pos
2019-05-22 19:21:12,204 - matplotlib.axes._base - DEBUG - update_title_pos
2019-05-22 19:21:12,216 - matplotlib.axes._base - DEBUG - update_title_pos
2019-05-22 19:22:02,585 - root - INFO - entrada
2019-05-22 19:22:12,075 - root - INFO - salida
2019-05-22 19:22:42,400 - matplotlib.axes._base - DEBUG - update_title_pos
2019-05-22 19:22:42,443 - matplotlib.axes._base - DEBUG - update_title_pos
2019-05-22 19:22:42,464 - matplotlib.axes._base - DEBUG - update_title_pos
2019-05-22 19:22:42,477 - matplotlib.axes._base - DEBUG - update_title_pos
2019-05-22 19:24:11,736 - root - INFO - entrada
2019-05-22 19:24:22,307 - matplotlib.axes._base - DEBUG - update_title_pos
2019-05-22 19:24:22,348 - matplotlib.axes._base - DEBUG - update_title_pos
2019-05-22 19:24:22,371 - matplotlib.axes._base - DEBUG - update_title_pos
2019-05-22 19:24:22,382 - matplotlib.axes._base - DEBUG - update_title_pos
2019-05-22 19:24:55,010 - root - INFO - entrada
2019-05-22 19:25:08,326 - root - INFO - entrada
2019-05-22 19:25:21,244 - matplotlib.axes._base - DEBUG - update_title_pos
2019-05-22 19:25:21,286 - matplotlib.axes._base - DEBUG - update_title_pos
2019-05-22 19:25:21,307 - matplotlib.axes._base - DEBUG - update_title_pos
2019-05-22 19:25:21,318 - matplotlib.axes._base - DEBUG - update_title_pos
2019-05-22 19:25:48,998 - root - INFO - entrada
2019-05-22 19:26:01,517 - matplotlib.axes._base - DEBUG - update_title_pos
2019-05-22 19:26:01,559 - matplotlib.axes._base - DEBUG - update_title_pos
2019-05-22 19:26:01,580 - matplotlib.axes._base - DEBUG - update_title_pos
2019-05-22 19:26:01,592 - matplotlib.axes._base - DEBUG - update_title_pos
2019-05-22 19:26:20,001 - root - INFO - entrada
2019-05-22 19:26:29,338 - matplotlib.axes._base - DEBUG - update_title_pos
2019-05-22 19:26:29,379 - matplotlib.axes._base - DEBUG - update_title_pos
2019-05-22 19:26:29,400 - matplotlib.axes._base - DEBUG - update_title_pos
2019-05-22 19:26:29,411 - matplotlib.axes._base - DEBUG - update_title_pos
2019-05-22 19:27:14,563 - root - INFO - entrada
2019-05-22 19:27:25,840 - matplotlib.axes._base - DEBUG - update_title_pos
2019-05-22 19:27:25,881 - matplotlib.axes._base - DEBUG - update_title_pos
2019-05-22 19:27:25,902 - matplotlib.axes._base - DEBUG - update_title_pos
2019-05-22 19:27:25,914 - matplotlib.axes._base - DEBUG - update_title_pos
2019-05-22 19:27:48,135 - root - INFO - entrada
2019-05-22 19:27:58,660 - matplotlib.axes._base - DEBUG - update_title_pos
2019-05-22 19:27:58,701 - matplotlib.axes._base - DEBUG - update_title_pos
2019-05-22 19:27:58,721 - matplotlib.axes._base - DEBUG - update_title_pos
2019-05-22 19:27:58,732 - matplotlib.axes._base - DEBUG - update_title_pos
2019-05-22 19:28:46,344 - root - INFO - entrada
2019-05-22 19:29:01,535 - matplotlib.axes._base - DEBUG - update_title_pos
2019-05-22 19:29:01,594 - matplotlib.axes._base - DEBUG - update_title_pos
2019-05-22 19:29:01,615 - matplotlib.axes._base - DEBUG - update_title_pos
2019-05-22 19:29:01,626 - matplotlib.axes._base - DEBUG - update_title_pos
2019-05-22 19:29:10,337 - root - INFO - ***Evolving 5 generations with population 20***
2019-05-22 19:29:10,338 - root - INFO - ***Doing generation 1 of 5***
2019-05-22 19:33:49,726 - root - INFO - Generation average: 11070.65%
2019-05-22 19:33:49,727 - root - INFO - --------------------------------------------------------------------------------
2019-05-22 19:33:49,727 - root - INFO - ***Doing generation 2 of 5***
2019-05-22 19:37:41,873 - root - INFO - Generation average: 26176.27%
2019-05-22 19:37:41,873 - root - INFO - --------------------------------------------------------------------------------
2019-05-22 19:37:41,874 - root - INFO - ***Doing generation 3 of 5***
2019-05-22 19:40:46,572 - root - INFO - Generation average: 28025.80%
2019-05-22 19:40:46,573 - root - INFO - --------------------------------------------------------------------------------
2019-05-22 19:40:46,573 - root - INFO - ***Doing generation 4 of 5***
2019-05-22 19:43:50,305 - root - INFO - Generation average: 30575.63%
2019-05-22 19:43:50,306 - root - INFO - --------------------------------------------------------------------------------
2019-05-22 19:43:50,306 - root - INFO - ***Doing generation 5 of 5***
2019-05-22 19:46:35,519 - root - INFO - Generation average: 35992.14%
2019-05-22 19:46:35,519 - root - INFO - --------------------------------------------------------------------------------
2019-05-22 19:46:35,519 - root - INFO - --------------------------------------------------------------------------------
2019-05-22 19:46:35,519 - root - INFO - {'nb_neurons': 16, 'i_neurons': 12, 'nb_layers': 2, 'activation': 'relu', 'optimizer': 'adam'}
2019-05-22 19:46:35,520 - root - INFO - Network accuracy: 239366.22%
2019-05-22 19:46:35,520 - root - INFO - {'nb_neurons': 4, 'i_neurons': 12, 'nb_layers': 4, 'activation': 'elu', 'optimizer': 'sgd'}
2019-05-22 19:46:35,520 - root - INFO - Network accuracy: 155392.60%
2019-05-22 19:46:35,520 - root - INFO - {'nb_neurons': 20, 'i_neurons': 12, 'nb_layers': 1, 'activation': 'sigmoid', 'optimizer': 'adam'}
2019-05-22 19:46:35,520 - root - INFO - Network accuracy: 57316.34%
2019-05-22 19:46:35,521 - root - INFO - {'nb_neurons': 4, 'i_neurons': 12, 'nb_layers': 4, 'activation': 'elu', 'optimizer': 'sgd'}
2019-05-22 19:46:35,521 - root - INFO - Network accuracy: 42826.54%
2019-05-22 19:46:35,521 - root - INFO - {'nb_neurons': 20, 'i_neurons': 12, 'nb_layers': 1, 'activation': 'sigmoid', 'optimizer': 'adam'}
2019-05-22 19:46:35,521 - root - INFO - Network accuracy: 30168.44%
2019-05-22 19:50:11,131 - root - INFO - entrada
2019-05-22 19:50:28,397 - root - INFO - salida
2019-05-22 19:50:34,501 - matplotlib.axes._base - DEBUG - update_title_pos
2019-05-22 19:50:34,542 - matplotlib.axes._base - DEBUG - update_title_pos
2019-05-22 19:50:34,562 - matplotlib.axes._base - DEBUG - update_title_pos
2019-05-22 19:50:34,573 - matplotlib.axes._base - DEBUG - update_title_pos
2019-05-22 19:51:12,227 - root - INFO - entrada
2019-05-22 19:51:26,458 - root - INFO - salida
2019-05-22 19:51:42,163 - matplotlib.axes._base - DEBUG - update_title_pos
2019-05-22 19:51:42,203 - matplotlib.axes._base - DEBUG - update_title_pos
2019-05-22 19:51:42,223 - matplotlib.axes._base - DEBUG - update_title_pos
2019-05-22 19:51:42,233 - matplotlib.axes._base - DEBUG - update_title_pos
2019-05-22 19:52:13,917 - root - INFO - entrada
2019-05-22 19:52:39,859 - root - INFO - salida
2019-05-22 19:52:46,827 - matplotlib.axes._base - DEBUG - update_title_pos
2019-05-22 19:52:46,867 - matplotlib.axes._base - DEBUG - update_title_pos
2019-05-22 19:52:46,886 - matplotlib.axes._base - DEBUG - update_title_pos
2019-05-22 19:52:46,896 - matplotlib.axes._base - DEBUG - update_title_pos
2019-05-22 19:54:50,743 - root - INFO - entrada
2019-05-22 19:55:18,411 - root - INFO - salida
2019-05-22 19:55:27,128 - matplotlib.axes._base - DEBUG - update_title_pos
2019-05-22 19:55:27,169 - matplotlib.axes._base - DEBUG - update_title_pos
2019-05-22 19:55:27,189 - matplotlib.axes._base - DEBUG - update_title_pos
2019-05-22 19:55:27,200 - matplotlib.axes._base - DEBUG - update_title_pos
2019-05-22 19:56:14,810 - root - INFO - entrada
2019-05-22 19:56:28,661 - root - INFO - salida
2019-05-22 19:56:41,625 - matplotlib.axes._base - DEBUG - update_title_pos
2019-05-22 19:56:41,665 - matplotlib.axes._base - DEBUG - update_title_pos
2019-05-22 19:56:41,685 - matplotlib.axes._base - DEBUG - update_title_pos
2019-05-22 19:56:41,697 - matplotlib.axes._base - DEBUG - update_title_pos
2019-05-22 19:57:50,599 - root - INFO - entrada
2019-05-22 19:58:03,887 - root - INFO - salida
2019-05-22 19:58:25,806 - matplotlib.axes._base - DEBUG - update_title_pos
2019-05-22 19:58:25,863 - matplotlib.axes._base - DEBUG - update_title_pos
2019-05-22 19:58:25,888 - matplotlib.axes._base - DEBUG - update_title_pos
2019-05-22 19:58:25,921 - matplotlib.axes._base - DEBUG - update_title_pos
2019-05-22 19:58:31,922 - root - INFO - entrada
2019-05-22 19:58:43,751 - root - INFO - salida
2019-05-24 18:43:54,430 - matplotlib.pyplot - DEBUG - Loaded backend module://ipykernel.pylab.backend_inline version unknown.
2019-05-24 18:44:11,500 - root - INFO - entrada
2019-05-24 18:44:11,562 - tensorflow - WARNING - From C:\Users\hug0er\Anaconda3\lib\site-packages\tensorflow\python\framework\op_def_library.py:263: colocate_with (from tensorflow.python.framework.ops) is deprecated and will be removed in a future version.
Instructions for updating:
Colocations handled automatically by placer.
2019-05-24 18:44:11,578 - tensorflow - WARNING - From C:\Users\hug0er\Anaconda3\lib\site-packages\keras\backend\tensorflow_backend.py:3445: calling dropout (from tensorflow.python.ops.nn_ops) with keep_prob is deprecated and will be removed in a future version.
Instructions for updating:
Please use `rate` instead of `keep_prob`. Rate should be set to `rate = 1 - keep_prob`.
2019-05-24 18:44:33,120 - root - INFO - entrada
2019-05-24 18:44:33,247 - tensorflow - WARNING - From C:\Users\hug0er\Anaconda3\lib\site-packages\tensorflow\python\ops\math_ops.py:3066: to_int32 (from tensorflow.python.ops.math_ops) is deprecated and will be removed in a future version.
Instructions for updating:
Use tf.cast instead.
2019-05-24 18:44:35,005 - root - INFO - salida
2019-05-24 18:44:37,536 - matplotlib.axes._base - DEBUG - update_title_pos
2019-05-24 18:44:37,549 - matplotlib.font_manager - DEBUG - findfont: Matching :family=sans-serif:style=normal:variant=normal:weight=normal:stretch=normal:size=10.0 to DejaVu Sans ('C:\\Users\\hug0er\\Anaconda3\\lib\\site-packages\\matplotlib\\mpl-data\\fonts\\ttf\\DejaVuSans.ttf') with score of 0.050000.
2019-05-24 18:44:37,584 - matplotlib.font_manager - DEBUG - findfont: Matching :family=sans-serif:style=normal:variant=normal:weight=normal:stretch=normal:size=12.0 to DejaVu Sans ('C:\\Users\\hug0er\\Anaconda3\\lib\\site-packages\\matplotlib\\mpl-data\\fonts\\ttf\\DejaVuSans.ttf') with score of 0.050000.
2019-05-24 18:44:37,621 - matplotlib.axes._base - DEBUG - update_title_pos
2019-05-24 18:44:37,660 - matplotlib.axes._base - DEBUG - update_title_pos
2019-05-24 18:44:37,682 - matplotlib.axes._base - DEBUG - update_title_pos
2019-05-24 18:46:19,939 - root - INFO - entrada
2019-05-24 18:46:21,924 - root - INFO - salida
2019-05-24 18:46:23,799 - matplotlib.axes._base - DEBUG - update_title_pos
2019-05-24 18:46:23,867 - matplotlib.axes._base - DEBUG - update_title_pos
2019-05-24 18:46:23,901 - matplotlib.axes._base - DEBUG - update_title_pos
2019-05-24 18:46:23,920 - matplotlib.axes._base - DEBUG - update_title_pos
2019-05-24 18:48:24,248 - root - INFO - entrada
2019-05-24 18:48:25,803 - root - INFO - salida
2019-05-24 18:48:28,318 - matplotlib.axes._base - DEBUG - update_title_pos
2019-05-24 18:48:28,389 - matplotlib.axes._base - DEBUG - update_title_pos
2019-05-24 18:48:28,421 - matplotlib.axes._base - DEBUG - update_title_pos
2019-05-24 18:48:28,439 - matplotlib.axes._base - DEBUG - update_title_pos
2019-06-14 22:59:09,024 - matplotlib.pyplot - DEBUG - Loaded backend module://ipykernel.pylab.backend_inline version unknown.
2019-06-14 23:16:07,904 - matplotlib.pyplot - DEBUG - Loaded backend module://ipykernel.pylab.backend_inline version unknown.
2019-06-14 23:17:34,644 - matplotlib.pyplot - DEBUG - Loaded backend module://ipykernel.pylab.backend_inline version unknown.
2019-06-14 23:17:55,166 - root - INFO - entrada
2019-06-14 23:18:05,881 - root - INFO - salida
2019-06-14 23:18:34,789 - matplotlib.axes._base - DEBUG - update_title_pos
2019-06-14 23:18:34,802 - matplotlib.font_manager - DEBUG - findfont: Matching :family=sans-serif:style=normal:variant=normal:weight=normal:stretch=normal:size=10.0 to DejaVu Sans ('C:\\Users\\hug0er\\Anaconda3\\envs\\Tesis\\lib\\site-packages\\matplotlib\\mpl-data\\fonts\\ttf\\DejaVuSans.ttf') with score of 0.050000.
2019-06-14 23:18:34,855 - matplotlib.font_manager - DEBUG - findfont: Matching :family=sans-serif:style=normal:variant=normal:weight=normal:stretch=normal:size=12.0 to DejaVu Sans ('C:\\Users\\hug0er\\Anaconda3\\envs\\Tesis\\lib\\site-packages\\matplotlib\\mpl-data\\fonts\\ttf\\DejaVuSans.ttf') with score of 0.050000.
2019-06-14 23:18:34,884 - matplotlib.axes._base - DEBUG - update_title_pos
2019-06-14 23:18:34,904 - matplotlib.axes._base - DEBUG - update_title_pos
2019-06-14 23:18:34,915 - matplotlib.axes._base - DEBUG - update_title_pos
2019-06-14 23:19:24,453 - root - INFO - ***Evolving 3 generations with population 20***
2019-06-14 23:19:24,453 - root - INFO - ***Doing generation 1 of 3***
2019-06-14 23:22:28,145 - root - INFO - Generation average: 3000.15%
2019-06-14 23:22:28,146 - root - INFO - --------------------------------------------------------------------------------
2019-06-14 23:22:28,146 - root - INFO - ***Doing generation 2 of 3***
2019-06-14 23:24:16,859 - root - INFO - Generation average: 3358.33%
2019-06-14 23:24:16,859 - root - INFO - --------------------------------------------------------------------------------
2019-06-14 23:24:16,860 - root - INFO - ***Doing generation 3 of 3***
2019-06-14 23:26:26,339 - root - INFO - Generation average: 3792.31%
2019-06-14 23:26:26,340 - root - INFO - --------------------------------------------------------------------------------
2019-06-14 23:26:26,340 - root - INFO - --------------------------------------------------------------------------------
2019-06-14 23:26:26,340 - root - INFO - {'nb_neurons': 12, 'i_neurons': 8, 'nb_layers': 2, 'activation': 'sigmoid', 'optimizer': 'sgd'}
2019-06-14 23:26:26,340 - root - INFO - Network accuracy: 4027.13%
2019-06-14 23:26:26,341 - root - INFO - {'nb_neurons': 8, 'i_neurons': 8, 'nb_layers': 2, 'activation': 'sigmoid', 'optimizer': 'sgd'}
2019-06-14 23:26:26,341 - root - INFO - Network accuracy: 3980.55%
2019-06-14 23:26:26,341 - root - INFO - {'nb_neurons': 8, 'i_neurons': 8, 'nb_layers': 2, 'activation': 'sigmoid', 'optimizer': 'sgd'}
2019-06-14 23:26:26,341 - root - INFO - Network accuracy: 3976.62%
2019-06-14 23:26:26,341 - root - INFO - {'nb_neurons': 8, 'i_neurons': 8, 'nb_layers': 2, 'activation': 'sigmoid', 'optimizer': 'sgd'}
2019-06-14 23:26:26,342 - root - INFO - Network accuracy: 3955.82%
2019-06-14 23:26:26,342 - root - INFO - {'nb_neurons': 8, 'i_neurons': 8, 'nb_layers': 2, 'activation': 'sigmoid', 'optimizer': 'adam'}
2019-06-14 23:26:26,342 - root - INFO - Network accuracy: 3940.25%
2019-06-14 23:29:52,912 - root - INFO - entrada
2019-06-14 23:30:03,662 - root - INFO - salida
2019-06-14 23:30:12,088 - matplotlib.axes._base - DEBUG - update_title_pos
2019-06-14 23:30:12,143 - matplotlib.axes._base - DEBUG - update_title_pos
2019-06-14 23:30:12,164 - matplotlib.axes._base - DEBUG - update_title_pos
2019-06-14 23:30:12,175 - matplotlib.axes._base - DEBUG - update_title_pos
2019-06-14 23:32:57,035 - root - INFO - entrada
2019-06-14 23:33:17,371 - root - INFO - salida
2019-06-14 23:33:24,997 - matplotlib.axes._base - DEBUG - update_title_pos
2019-06-14 23:33:25,040 - matplotlib.axes._base - DEBUG - update_title_pos
2019-06-14 23:33:25,061 - matplotlib.axes._base - DEBUG - update_title_pos
2019-06-14 23:33:25,073 - matplotlib.axes._base - DEBUG - update_title_pos
2019-06-14 23:33:44,421 - root - INFO - entrada
2019-06-14 23:33:57,349 - root - INFO - salida
2019-06-14 23:34:03,002 - matplotlib.axes._base - DEBUG - update_title_pos
2019-06-14 23:34:03,087 - matplotlib.axes._base - DEBUG - update_title_pos
2019-06-14 23:34:03,108 - matplotlib.axes._base - DEBUG - update_title_pos
2019-06-14 23:34:03,119 - matplotlib.axes._base - DEBUG - update_title_pos
2019-06-14 23:35:35,040 - root - INFO - ***Evolving 5 generations with population 30***
2019-06-14 23:35:35,041 - root - INFO - ***Doing generation 1 of 5***
2019-06-14 23:44:13,003 - root - INFO - Generation average: 3195.78%
2019-06-14 23:44:13,003 - root - INFO - --------------------------------------------------------------------------------
2019-06-14 23:44:13,004 - root - INFO - ***Doing generation 2 of 5***
2019-06-14 23:49:07,873 - root - INFO - entrada
2019-06-14 23:49:51,886 - root - INFO - entrada
2019-06-14 23:54:49,397 - matplotlib.pyplot - DEBUG - Loaded backend module://ipykernel.pylab.backend_inline version unknown.
2019-06-14 23:56:34,127 - root - INFO - entrada
2019-06-14 23:57:32,960 - root - INFO - entrada
2019-06-15 00:05:59,656 - root - INFO - entrada
2019-06-15 00:06:21,868 - root - INFO - entrada
